[2026-04-21 22:27:02] ERROR main - Application error: module 'ctypes' has no attribute 'LPWSTR'
Traceback (most recent call last):
  File "E:\gitdemo\clipboard-app\main.py", line 142, in main
    app = ClipboardApp()
          ^^^^^^^^^^^^^^
  File "E:\gitdemo\clipboard-app\main.py", line 70, in __init__
    self.clipboard_monitor = ClipboardMonitor(
                             ^^^^^^^^^^^^^^^^^
  File "E:\gitdemo\clipboard-app\core\clipboard_monitor.py", line 622, in __init__
    self._backend = WindowsClipboardBackend()
                    ^^^^^^^^^^^^^^^^^^^^^^^^^
  File "E:\gitdemo\clipboard-app\core\clipboard_monitor.py", line 86, in __init__
    self._setup_api()
  File "E:\gitdemo\clipboard-app\core\clipboard_monitor.py", line 109, in _setup_api
    s.DragQueryFileW.argtypes = [ct.c_void_p, wt.UINT, ct.LPWSTR, wt.UINT]
                                                       ^^^^^^^^^
AttributeError: module 'ctypes' has no attribute 'LPWSTR'
[2026-04-21 22:27:52] ERROR main - Application error: module 'ctypes' has no attribute 'LPVOID'
Traceback (most recent call last):
  File "E:\gitdemo\clipboard-app\main.py", line 142, in main
    app = ClipboardApp()
          ^^^^^^^^^^^^^^
  File "E:\gitdemo\clipboard-app\main.py", line 70, in __init__
    self.clipboard_monitor = ClipboardMonitor(
                             ^^^^^^^^^^^^^^^^^
  File "E:\gitdemo\clipboard-app\core\clipboard_monitor.py", line 622, in __init__
    self._backend = WindowsClipboardBackend()
                    ^^^^^^^^^^^^^^^^^^^^^^^^^
  File "E:\gitdemo\clipboard-app\core\clipboard_monitor.py", line 86, in __init__
    self._setup_api()
  File "E:\gitdemo\clipboard-app\core\clipboard_monitor.py", line 115, in _setup_api
    k.GlobalLock.restype = ct.LPVOID
                           ^^^^^^^^^
AttributeError: module 'ctypes' has no attribute 'LPVOID'
[2026-04-21 22:27:54] ERROR main - Application error: module 'ctypes' has no attribute 'LPVOID'
Traceback (most recent call last):
  File "E:\gitdemo\clipboard-app\main.py", line 142, in main
    app = ClipboardApp()
          ^^^^^^^^^^^^^^
  File "E:\gitdemo\clipboard-app\main.py", line 70, in __init__
    self.clipboard_monitor = ClipboardMonitor(
                             ^^^^^^^^^^^^^^^^^
  File "E:\gitdemo\clipboard-app\core\clipboard_monitor.py", line 622, in __init__
    self._backend = WindowsClipboardBackend()
                    ^^^^^^^^^^^^^^^^^^^^^^^^^
  File "E:\gitdemo\clipboard-app\core\clipboard_monitor.py", line 86, in __init__
    self._setup_api()
  File "E:\gitdemo\clipboard-app\core\clipboard_monitor.py", line 115, in _setup_api
    k.GlobalLock.restype = ct.LPVOID
                           ^^^^^^^^^
AttributeError: module 'ctypes' has no attribute 'LPVOID'
[2026-04-21 22:27:58] ERROR main - Application error: module 'ctypes' has no attribute 'LPVOID'
Traceback (most recent call last):
  File "E:\gitdemo\clipboard-app\main.py", line 142, in main
    app = ClipboardApp()
          ^^^^^^^^^^^^^^
  File "E:\gitdemo\clipboard-app\main.py", line 70, in __init__
    self.clipboard_monitor = ClipboardMonitor(
                             ^^^^^^^^^^^^^^^^^
  File "E:\gitdemo\clipboard-app\core\clipboard_monitor.py", line 622, in __init__
    self._backend = WindowsClipboardBackend()
                    ^^^^^^^^^^^^^^^^^^^^^^^^^
  File "E:\gitdemo\clipboard-app\core\clipboard_monitor.py", line 86, in __init__
    self._setup_api()
  File "E:\gitdemo\clipboard-app\core\clipboard_monitor.py", line 115, in _setup_api
    k.GlobalLock.restype = ct.LPVOID
                           ^^^^^^^^^
AttributeError: module 'ctypes' has no attribute 'LPVOID'
[2026-04-21 22:28:08] ERROR main - Application error: module 'ctypes' has no attribute 'LPVOID'
Traceback (most recent call last):
  File "E:\gitdemo\clipboard-app\main.py", line 142, in main
    app = ClipboardApp()
          ^^^^^^^^^^^^^^
  File "E:\gitdemo\clipboard-app\main.py", line 70, in __init__
    self.clipboard_monitor = ClipboardMonitor(
                             ^^^^^^^^^^^^^^^^^
  File "E:\gitdemo\clipboard-app\core\clipboard_monitor.py", line 622, in __init__
    self._backend = WindowsClipboardBackend()
                    ^^^^^^^^^^^^^^^^^^^^^^^^^
  File "E:\gitdemo\clipboard-app\core\clipboard_monitor.py", line 86, in __init__
    self._setup_api()
  File "E:\gitdemo\clipboard-app\core\clipboard_monitor.py", line 115, in _setup_api
    k.GlobalLock.restype = ct.LPVOID
                           ^^^^^^^^^
AttributeError: module 'ctypes' has no attribute 'LPVOID'
[2026-04-21 22:29:01] DEBUG clipboard_monitor - Clipboard formats - files:0 image:0 text:1
[2026-04-21 22:29:01] INFO clipboard_monitor - Got text: 1817 chars
[2026-04-21 22:29:01] INFO clipboard_monitor - Clipboard monitor loop started
[2026-04-21 22:29:01] INFO clipboard_monitor - Clipboard monitor started
[2026-04-21 22:29:02] INFO main - App started - hotkey: ctrl+shift+v
[2026-04-21 22:29:20] DEBUG clipboard_monitor - Clipboard formats - files:0 image:0 text:1
[2026-04-21 22:29:20] INFO clipboard_monitor - Got text: 1817 chars
[2026-04-21 22:29:20] INFO clipboard_monitor - Clipboard monitor loop started
[2026-04-21 22:29:20] INFO clipboard_monitor - Clipboard monitor started
[2026-04-21 22:29:21] INFO main - App started - hotkey: ctrl+shift+v
[2026-04-21 22:29:37] INFO main - Exiting application...
[2026-04-21 22:29:37] INFO clipboard_monitor - Clipboard monitor stopped
[2026-04-21 22:29:38] INFO main - Exiting application...
[2026-04-21 22:29:38] INFO clipboard_monitor - Clipboard monitor stopped
[2026-04-21 22:31:26] INFO main - Exiting application...
[2026-04-21 22:31:26] INFO clipboard_monitor - Clipboard monitor stopped
[2026-04-21 22:33:07] DEBUG clipboard_monitor - Clipboard formats - files:1 image:0 text:0
[2026-04-21 22:33:07] INFO clipboard_monitor - Got files: ['E:\\clipboard-app\\logs\\20260421.log']
[2026-04-21 22:33:07] INFO clipboard_monitor - Clipboard monitor loop started
[2026-04-21 22:33:07] INFO clipboard_monitor - Clipboard monitor started
[2026-04-21 22:33:09] INFO main - App started - hotkey: ctrl+shift+v
[2026-04-21 22:33:18] DEBUG clipboard_monitor - Clipboard formats - files:0 image:0 text:1
[2026-04-21 22:33:18] INFO clipboard_monitor - Got text: 51 chars
[2026-04-21 22:33:18] INFO clipboard_monitor - Clipboard changed: text
[2026-04-21 22:33:18] DEBUG main - Clipboard change received: text
[2026-04-21 22:33:29] INFO main - Exiting application...
[2026-04-21 22:33:29] INFO clipboard_monitor - Clipboard monitor stopped
